{"C:\\Namaste React\\src\\components\\Contact.js": {"path":"C:\\Namaste React\\src\\components\\Contact.js","statementMap":{"0":{"start":{"line":1,"column":16},"end":{"line":12,"column":1}},"1":{"start":{"line":2,"column":2},"end":{"line":11,"column":4}}},"fnMap":{"0":{"name":"(anonymous_0)","decl":{"start":{"line":1,"column":16},"end":{"line":1,"column":17}},"loc":{"start":{"line":1,"column":22},"end":{"line":12,"column":1}},"line":1}},"branchMap":{},"s":{"0":1,"1":4},"f":{"0":4},"b":{},"_coverageSchema":"1a1c01bbd47fc00a2c39e90264f33305004495a9","hash":"9a22f03a2024c4d7ed5e5b3935bb877b4011aa50"}
,"C:\\Namaste React\\src\\components\\Header.js": {"path":"C:\\Namaste React\\src\\components\\Header.js","statementMap":{"0":{"start":{"line":8,"column":15},"end":{"line":52,"column":1}},"1":{"start":{"line":9,"column":26},"end":{"line":9,"column":43}},"2":{"start":{"line":11,"column":22},"end":{"line":13,"column":3}},"3":{"start":{"line":12,"column":4},"end":{"line":12,"column":60}},"4":{"start":{"line":14,"column":23},"end":{"line":14,"column":40}},"5":{"start":{"line":15,"column":27},"end":{"line":15,"column":50}},"6":{"start":{"line":18,"column":20},"end":{"line":18,"column":60}},"7":{"start":{"line":18,"column":43},"end":{"line":18,"column":59}},"8":{"start":{"line":19,"column":2},"end":{"line":19,"column":34}},"9":{"start":{"line":21,"column":2},"end":{"line":51,"column":4}}},"fnMap":{"0":{"name":"(anonymous_0)","decl":{"start":{"line":8,"column":15},"end":{"line":8,"column":16}},"loc":{"start":{"line":8,"column":21},"end":{"line":52,"column":1}},"line":8},"1":{"name":"(anonymous_1)","decl":{"start":{"line":11,"column":22},"end":{"line":11,"column":23}},"loc":{"start":{"line":11,"column":28},"end":{"line":13,"column":3}},"line":11},"2":{"name":"(anonymous_2)","decl":{"start":{"line":18,"column":32},"end":{"line":18,"column":33}},"loc":{"start":{"line":18,"column":43},"end":{"line":18,"column":59}},"line":18}},"branchMap":{"0":{"loc":{"start":{"line":12,"column":4},"end":{"line":12,"column":59}},"type":"cond-expr","locations":[{"start":{"line":12,"column":23},"end":{"line":12,"column":40}},{"start":{"line":12,"column":43},"end":{"line":12,"column":59}}],"line":12},"1":{"loc":{"start":{"line":28,"column":47},"end":{"line":28,"column":73}},"type":"cond-expr","locations":[{"start":{"line":28,"column":62},"end":{"line":28,"column":66}},{"start":{"line":28,"column":69},"end":{"line":28,"column":73}}],"line":28}},"s":{"0":1,"1":4,"2":4,"3":1,"4":4,"5":4,"6":4,"7":7,"8":4,"9":4},"f":{"0":4,"1":1,"2":7},"b":{"0":[1,0],"1":[4,0]},"_coverageSchema":"1a1c01bbd47fc00a2c39e90264f33305004495a9","hash":"3d4ec0c98ffba6f2c8238e0ab7a6c97a12ddd500"}
,"C:\\Namaste React\\src\\components\\RestaurantCard.js": {"path":"C:\\Namaste React\\src\\components\\RestaurantCard.js","statementMap":{"0":{"start":{"line":2,"column":23},"end":{"line":30,"column":1}},"1":{"start":{"line":4,"column":22},"end":{"line":4,"column":27}},"2":{"start":{"line":5,"column":2},"end":{"line":5,"column":23}},"3":{"start":{"line":14,"column":6},"end":{"line":14,"column":13}},"4":{"start":{"line":15,"column":2},"end":{"line":29,"column":4}},"5":{"start":{"line":35,"column":33},"end":{"line":46,"column":1}},"6":{"start":{"line":36,"column":2},"end":{"line":45,"column":4}},"7":{"start":{"line":37,"column":4},"end":{"line":44,"column":6}}},"fnMap":{"0":{"name":"(anonymous_0)","decl":{"start":{"line":2,"column":23},"end":{"line":2,"column":24}},"loc":{"start":{"line":2,"column":34},"end":{"line":30,"column":1}},"line":2},"1":{"name":"(anonymous_1)","decl":{"start":{"line":35,"column":33},"end":{"line":35,"column":34}},"loc":{"start":{"line":35,"column":53},"end":{"line":46,"column":1}},"line":35},"2":{"name":"(anonymous_2)","decl":{"start":{"line":36,"column":9},"end":{"line":36,"column":10}},"loc":{"start":{"line":36,"column":20},"end":{"line":45,"column":3}},"line":36}},"branchMap":{},"s":{"0":1,"1":2,"2":2,"3":2,"4":2,"5":1,"6":1,"7":1},"f":{"0":2,"1":1,"2":1},"b":{},"_coverageSchema":"1a1c01bbd47fc00a2c39e90264f33305004495a9","hash":"dce1f03fa904a8767ea29b26f351ec5481ea276d"}
,"C:\\Namaste React\\src\\components\\Sum.js": {"path":"C:\\Namaste React\\src\\components\\Sum.js","statementMap":{"0":{"start":{"line":1,"column":19},"end":{"line":3,"column":1}},"1":{"start":{"line":2,"column":4},"end":{"line":2,"column":15}}},"fnMap":{"0":{"name":"(anonymous_0)","decl":{"start":{"line":1,"column":19},"end":{"line":1,"column":20}},"loc":{"start":{"line":1,"column":26},"end":{"line":3,"column":1}},"line":1}},"branchMap":{},"s":{"0":1,"1":1},"f":{"0":1},"b":{},"_coverageSchema":"1a1c01bbd47fc00a2c39e90264f33305004495a9","hash":"849ab87c06cf20c98b85d92b34bd68566df96a02"}
,"C:\\Namaste React\\src\\utils\\UserContext.js": {"path":"C:\\Namaste React\\src\\utils\\UserContext.js","statementMap":{"0":{"start":{"line":4,"column":20},"end":{"line":6,"column":2}}},"fnMap":{},"branchMap":{},"s":{"0":1},"f":{},"b":{},"_coverageSchema":"1a1c01bbd47fc00a2c39e90264f33305004495a9","hash":"b077311273aa101344153e20185dadc25506715f"}
,"C:\\Namaste React\\src\\utils\\appStore.js": {"path":"C:\\Namaste React\\src\\utils\\appStore.js","statementMap":{"0":{"start":{"line":3,"column":17},"end":{"line":7,"column":2}}},"fnMap":{},"branchMap":{},"s":{"0":1},"f":{},"b":{},"_coverageSchema":"1a1c01bbd47fc00a2c39e90264f33305004495a9","hash":"18edfcff976e6622803f89422c3fabada2174359"}
,"C:\\Namaste React\\src\\utils\\constants.js": {"path":"C:\\Namaste React\\src\\utils\\constants.js","statementMap":{"0":{"start":{"line":2,"column":2},"end":{"line":2,"column":85}},"1":{"start":{"line":4,"column":2},"end":{"line":4,"column":104}},"2":{"start":{"line":6,"column":24},"end":{"line":6,"column":147}},"3":{"start":{"line":8,"column":24},"end":{"line":8,"column":62}},"4":{"start":{"line":10,"column":23},"end":{"line":10,"column":161}}},"fnMap":{},"branchMap":{},"s":{"0":2,"1":2,"2":2,"3":2,"4":2},"f":{},"b":{},"_coverageSchema":"1a1c01bbd47fc00a2c39e90264f33305004495a9","hash":"3475083e393baeb9ed8beccf78ee4e5588b55988"}
,"C:\\Namaste React\\src\\utils\\useOnlineStatus.js": {"path":"C:\\Namaste React\\src\\utils\\useOnlineStatus.js","statementMap":{"0":{"start":{"line":3,"column":24},"end":{"line":19,"column":1}},"1":{"start":{"line":4,"column":43},"end":{"line":4,"column":57}},"2":{"start":{"line":7,"column":4},"end":{"line":15,"column":10}},"3":{"start":{"line":8,"column":6},"end":{"line":10,"column":8}},"4":{"start":{"line":9,"column":8},"end":{"line":9,"column":31}},"5":{"start":{"line":12,"column":6},"end":{"line":14,"column":8}},"6":{"start":{"line":13,"column":8},"end":{"line":13,"column":30}},"7":{"start":{"line":18,"column":4},"end":{"line":18,"column":24}}},"fnMap":{"0":{"name":"(anonymous_0)","decl":{"start":{"line":3,"column":24},"end":{"line":3,"column":25}},"loc":{"start":{"line":3,"column":29},"end":{"line":19,"column":1}},"line":3},"1":{"name":"(anonymous_1)","decl":{"start":{"line":7,"column":14},"end":{"line":7,"column":15}},"loc":{"start":{"line":7,"column":18},"end":{"line":15,"column":5}},"line":7},"2":{"name":"(anonymous_2)","decl":{"start":{"line":8,"column":41},"end":{"line":8,"column":42}},"loc":{"start":{"line":8,"column":45},"end":{"line":10,"column":7}},"line":8},"3":{"name":"(anonymous_3)","decl":{"start":{"line":12,"column":40},"end":{"line":12,"column":41}},"loc":{"start":{"line":12,"column":44},"end":{"line":14,"column":7}},"line":12}},"branchMap":{},"s":{"0":1,"1":4,"2":4,"3":3,"4":0,"5":3,"6":0,"7":4},"f":{"0":4,"1":3,"2":0,"3":0},"b":{},"_coverageSchema":"1a1c01bbd47fc00a2c39e90264f33305004495a9","hash":"9fb0f72d453b55133b343a99f3296f21ad2594fc"}
,"C:\\Namaste React\\src\\utils\\Redux Slices\\cartSlice.js": {"path":"C:\\Namaste React\\src\\utils\\Redux Slices\\cartSlice.js","statementMap":{"0":{"start":{"line":4,"column":18},"end":{"line":27,"column":2}},"1":{"start":{"line":12,"column":6},"end":{"line":12,"column":39}},"2":{"start":{"line":16,"column":8},"end":{"line":16,"column":26}},"3":{"start":{"line":20,"column":8},"end":{"line":20,"column":31}},"4":{"start":{"line":21,"column":8},"end":{"line":21,"column":36}},"5":{"start":{"line":29,"column":46},"end":{"line":29,"column":63}}},"fnMap":{"0":{"name":"(anonymous_0)","decl":{"start":{"line":11,"column":14},"end":{"line":11,"column":15}},"loc":{"start":{"line":11,"column":30},"end":{"line":13,"column":5}},"line":11},"1":{"name":"(anonymous_1)","decl":{"start":{"line":15,"column":16},"end":{"line":15,"column":17}},"loc":{"start":{"line":15,"column":26},"end":{"line":17,"column":5}},"line":15},"2":{"name":"(anonymous_2)","decl":{"start":{"line":19,"column":16},"end":{"line":19,"column":17}},"loc":{"start":{"line":19,"column":26},"end":{"line":24,"column":5}},"line":19}},"branchMap":{},"s":{"0":1,"1":0,"2":0,"3":0,"4":0,"5":1},"f":{"0":0,"1":0,"2":0},"b":{},"_coverageSchema":"1a1c01bbd47fc00a2c39e90264f33305004495a9","hash":"5d92ec38ff830f0f92d25bbfd060396422d1326d"}
}
