TN:
SF:src\components\Body.js
FN:9,(anonymous_0)
FN:16,(anonymous_1)
FN:40,(anonymous_2)
FN:48,(anonymous_3)
FN:51,(anonymous_4)
FN:63,(anonymous_5)
FN:66,(anonymous_6)
FN:83,(anonymous_7)
FNF:8
FNH:7
FNDA:7,(anonymous_0)
FNDA:0,(anonymous_1)
FNDA:1,(anonymous_2)
FNDA:1,(anonymous_3)
FNDA:20,(anonymous_4)
FNDA:1,(anonymous_5)
FNDA:20,(anonymous_6)
FNDA:65,(anonymous_7)
DA:9,1
DA:10,7
DA:11,7
DA:12,7
DA:13,7
DA:14,7
DA:16,7
DA:17,0
DA:21,7
DA:22,7
DA:23,0
DA:29,7
DA:41,1
DA:51,1
DA:52,20
DA:54,1
DA:65,1
DA:66,20
DA:68,1
DA:84,65
LF:20
LH:18
BRDA:22,0,0,0
BRDA:22,0,1,7
BRDA:29,1,0,2
BRDA:29,1,1,5
BRDA:80,2,0,3
BRDA:80,2,1,2
BRDA:87,3,0,31
BRDA:87,3,1,34
BRF:8
BRH:7
end_of_record
TN:
SF:src\components\Contact.js
FN:1,(anonymous_0)
FNF:1
FNH:1
FNDA:4,(anonymous_0)
DA:1,1
DA:2,4
LF:2
LH:2
BRF:0
BRH:0
end_of_record
TN:
SF:src\components\RestaurantCard.js
FN:2,(anonymous_0)
FN:34,(anonymous_1)
FN:35,(anonymous_2)
FNF:3
FNH:3
FNDA:67,(anonymous_0)
FNDA:8,(anonymous_1)
FNDA:32,(anonymous_2)
DA:2,2
DA:4,67
DA:13,67
DA:14,67
DA:34,2
DA:35,8
DA:36,32
LF:7
LH:7
BRF:0
BRH:0
end_of_record
TN:
SF:src\components\RestaurantMenu.js
FN:7,(anonymous_0)
FN:22,(anonymous_1)
FN:34,(anonymous_2)
FN:39,(anonymous_3)
FN:40,(anonymous_4)
FNF:5
FNH:5
FNDA:3,(anonymous_0)
FNDA:26,(anonymous_1)
FNDA:16,(anonymous_2)
FNDA:1,(anonymous_3)
FNDA:1,(anonymous_4)
DA:7,1
DA:8,3
DA:9,3
DA:10,3
DA:11,3
DA:13,3
DA:16,2
DA:18,2
DA:21,2
DA:23,26
DA:27,2
DA:36,16
DA:39,1
DA:41,1
LF:14
LH:14
BRDA:13,0,0,1
BRDA:13,0,1,2
BRDA:42,1,0,1
BRDA:42,1,1,0
BRDA:42,2,0,0
BRDA:42,2,1,0
BRDA:45,3,0,1
BRDA:45,3,1,15
BRDA:45,4,0,16
BRDA:45,4,1,8
BRF:10
BRH:7
end_of_record
